\BOOKMARK [0][-]{chapter.1}{\376\377\0001\000\040\000C\000l\000a\000s\000s\000\040\000I\000n\000d\000e\000x}{}% 1
\BOOKMARK [1][-]{section.1.1}{\376\377\0001\000.\0001\000\040\000C\000l\000a\000s\000s\000\040\000L\000i\000s\000t}{chapter.1}% 2
\BOOKMARK [0][-]{chapter.2}{\376\377\0002\000\040\000C\000l\000a\000s\000s\000\040\000D\000o\000c\000u\000m\000e\000n\000t\000a\000t\000i\000o\000n}{}% 3
\BOOKMARK [1][-]{section.2.1}{\376\377\0002\000.\0001\000\040\000C\000a\000m\000e\000r\000a\000S\000y\000s\000t\000e\000m\000\040\000C\000l\000a\000s\000s\000\040\000R\000e\000f\000e\000r\000e\000n\000c\000e}{chapter.2}% 4
\BOOKMARK [2][-]{subsection.2.1.1}{\376\377\0002\000.\0001\000.\0001\000\040\000M\000e\000m\000b\000e\000r\000\040\000F\000u\000n\000c\000t\000i\000o\000n\000\040\000D\000o\000c\000u\000m\000e\000n\000t\000a\000t\000i\000o\000n}{section.2.1}% 5
\BOOKMARK [3][-]{subsubsection.2.1.1.1}{\376\377\0002\000.\0001\000.\0001\000.\0001\000\040\000d\000e\000s\000t\000r\000o\000y\000C\000a\000m\000e\000r\000a\000S\000y\000s\000t\000e\000m}{subsection.2.1.1}% 6
\BOOKMARK [3][-]{subsubsection.2.1.1.2}{\376\377\0002\000.\0001\000.\0001\000.\0002\000\040\000s\000e\000t\000C\000u\000r\000r\000e\000n\000t\000C\000a\000m\000e\000r\000a}{subsection.2.1.1}% 7
\BOOKMARK [1][-]{section.2.2}{\376\377\0002\000.\0002\000\040\000E\000n\000t\000i\000t\000y\000\040\000C\000l\000a\000s\000s\000\040\000R\000e\000f\000e\000r\000e\000n\000c\000e}{chapter.2}% 8
\BOOKMARK [2][-]{subsection.2.2.1}{\376\377\0002\000.\0002\000.\0001\000\040\000C\000o\000n\000s\000t\000r\000u\000c\000t\000o\000r\000\040\000\046\000\040\000D\000e\000s\000t\000r\000u\000c\000t\000o\000r\000\040\000D\000o\000c\000u\000m\000e\000n\000t\000a\000t\000i\000o\000n}{section.2.2}% 9
\BOOKMARK [3][-]{subsubsection.2.2.1.1}{\376\377\0002\000.\0002\000.\0001\000.\0001\000\040\000E\000n\000t\000i\000t\000y}{subsection.2.2.1}% 10
\BOOKMARK [1][-]{section.2.3}{\376\377\0002\000.\0003\000\040\000G\000a\000m\000e\000M\000a\000n\000a\000g\000e\000r\000\040\000C\000l\000a\000s\000s\000\040\000R\000e\000f\000e\000r\000e\000n\000c\000e}{chapter.2}% 11
\BOOKMARK [2][-]{subsection.2.3.1}{\376\377\0002\000.\0003\000.\0001\000\040\000M\000e\000m\000b\000e\000r\000\040\000F\000u\000n\000c\000t\000i\000o\000n\000\040\000D\000o\000c\000u\000m\000e\000n\000t\000a\000t\000i\000o\000n}{section.2.3}% 12
\BOOKMARK [3][-]{subsubsection.2.3.1.1}{\376\377\0002\000.\0003\000.\0001\000.\0001\000\040\000d\000e\000s\000t\000r\000o\000y\000G\000a\000m\000e\000M\000a\000n\000a\000g\000e\000r}{subsection.2.3.1}% 13
\BOOKMARK [3][-]{subsubsection.2.3.1.2}{\376\377\0002\000.\0003\000.\0001\000.\0002\000\040\000g\000e\000t\000G\000a\000m\000e\000M\000a\000n\000a\000g\000e\000r}{subsection.2.3.1}% 14
\BOOKMARK [1][-]{section.2.4}{\376\377\0002\000.\0004\000\040\000M\000a\000t\000r\000i\000x\0003\000\040\000S\000t\000r\000u\000c\000t\000\040\000R\000e\000f\000e\000r\000e\000n\000c\000e}{chapter.2}% 15
\BOOKMARK [1][-]{section.2.5}{\376\377\0002\000.\0005\000\040\000M\000o\000v\000e\000m\000e\000n\000t\000S\000y\000s\000t\000e\000m\000\040\000C\000l\000a\000s\000s\000\040\000R\000e\000f\000e\000r\000e\000n\000c\000e}{chapter.2}% 16
\BOOKMARK [2][-]{subsection.2.5.1}{\376\377\0002\000.\0005\000.\0001\000\040\000M\000e\000m\000b\000e\000r\000\040\000F\000u\000n\000c\000t\000i\000o\000n\000\040\000D\000o\000c\000u\000m\000e\000n\000t\000a\000t\000i\000o\000n}{section.2.5}% 17
\BOOKMARK [3][-]{subsubsection.2.5.1.1}{\376\377\0002\000.\0005\000.\0001\000.\0001\000\040\000d\000e\000s\000t\000r\000o\000y\000M\000o\000v\000e\000m\000e\000n\000t\000S\000y\000s\000t\000e\000m}{subsection.2.5.1}% 18
\BOOKMARK [3][-]{subsubsection.2.5.1.2}{\376\377\0002\000.\0005\000.\0001\000.\0002\000\040\000g\000e\000t\000M\000o\000v\000e\000m\000e\000n\000t\000S\000y\000s\000t\000e\000m}{subsection.2.5.1}% 19
\BOOKMARK [3][-]{subsubsection.2.5.1.3}{\376\377\0002\000.\0005\000.\0001\000.\0003\000\040\000u\000p\000d\000a\000t\000e}{subsection.2.5.1}% 20
\BOOKMARK [1][-]{section.2.6}{\376\377\0002\000.\0006\000\040\000P\000l\000a\000y\000e\000r\000I\000n\000p\000u\000t\000S\000y\000s\000t\000e\000m\000\040\000C\000l\000a\000s\000s\000\040\000R\000e\000f\000e\000r\000e\000n\000c\000e}{chapter.2}% 21
\BOOKMARK [2][-]{subsection.2.6.1}{\376\377\0002\000.\0006\000.\0001\000\040\000M\000e\000m\000b\000e\000r\000\040\000F\000u\000n\000c\000t\000i\000o\000n\000\040\000D\000o\000c\000u\000m\000e\000n\000t\000a\000t\000i\000o\000n}{section.2.6}% 22
\BOOKMARK [3][-]{subsubsection.2.6.1.1}{\376\377\0002\000.\0006\000.\0001\000.\0001\000\040\000u\000p\000d\000a\000t\000e}{subsection.2.6.1}% 23
\BOOKMARK [1][-]{section.2.7}{\376\377\0002\000.\0007\000\040\000R\000e\000n\000d\000e\000r\000S\000y\000s\000t\000e\000m\000\040\000C\000l\000a\000s\000s\000\040\000R\000e\000f\000e\000r\000e\000n\000c\000e}{chapter.2}% 24
\BOOKMARK [2][-]{subsection.2.7.1}{\376\377\0002\000.\0007\000.\0001\000\040\000M\000e\000m\000b\000e\000r\000\040\000F\000u\000n\000c\000t\000i\000o\000n\000\040\000D\000o\000c\000u\000m\000e\000n\000t\000a\000t\000i\000o\000n}{section.2.7}% 25
\BOOKMARK [3][-]{subsubsection.2.7.1.1}{\376\377\0002\000.\0007\000.\0001\000.\0001\000\040\000d\000e\000s\000t\000r\000o\000y\000R\000e\000n\000d\000e\000r\000S\000y\000s\000t\000e\000m}{subsection.2.7.1}% 26
\BOOKMARK [3][-]{subsubsection.2.7.1.2}{\376\377\0002\000.\0007\000.\0001\000.\0002\000\040\000g\000e\000t\000C\000u\000r\000r\000e\000n\000t\000C\000a\000m\000e\000r\000a}{subsection.2.7.1}% 27
\BOOKMARK [3][-]{subsubsection.2.7.1.3}{\376\377\0002\000.\0007\000.\0001\000.\0003\000\040\000g\000e\000t\000R\000e\000n\000d\000e\000r\000S\000y\000s\000t\000e\000m}{subsection.2.7.1}% 28
\BOOKMARK [3][-]{subsubsection.2.7.1.4}{\376\377\0002\000.\0007\000.\0001\000.\0004\000\040\000r\000e\000n\000d\000e\000r}{subsection.2.7.1}% 29
\BOOKMARK [1][-]{section.2.8}{\376\377\0002\000.\0008\000\040\000R\000e\000s\000o\000u\000r\000c\000e\000M\000a\000n\000a\000g\000e\000r\000\040\000C\000l\000a\000s\000s\000\040\000R\000e\000f\000e\000r\000e\000n\000c\000e}{chapter.2}% 30
\BOOKMARK [2][-]{subsection.2.8.1}{\376\377\0002\000.\0008\000.\0001\000\040\000M\000e\000m\000b\000e\000r\000\040\000F\000u\000n\000c\000t\000i\000o\000n\000\040\000D\000o\000c\000u\000m\000e\000n\000t\000a\000t\000i\000o\000n}{section.2.8}% 31
\BOOKMARK [3][-]{subsubsection.2.8.1.1}{\376\377\0002\000.\0008\000.\0001\000.\0001\000\040\000d\000e\000s\000t\000r\000o\000y\000R\000e\000s\000o\000u\000r\000c\000e\000M\000a\000n\000a\000g\000e\000r}{subsection.2.8.1}% 32
\BOOKMARK [3][-]{subsubsection.2.8.1.2}{\376\377\0002\000.\0008\000.\0001\000.\0002\000\040\000g\000e\000t\000R\000e\000s\000o\000u\000r\000c\000e\000M\000a\000n\000a\000g\000e\000r}{subsection.2.8.1}% 33
\BOOKMARK [3][-]{subsubsection.2.8.1.3}{\376\377\0002\000.\0008\000.\0001\000.\0003\000\040\000g\000e\000t\000S\000h\000a\000d\000e\000r\000A\000r\000r\000a\000y}{subsection.2.8.1}% 34
\BOOKMARK [3][-]{subsubsection.2.8.1.4}{\376\377\0002\000.\0008\000.\0001\000.\0004\000\040\000g\000e\000t\000V\000e\000r\000t\000e\000x\000B\000u\000f\000f\000e\000r\000A\000r\000r\000a\000y}{subsection.2.8.1}% 35
\BOOKMARK [1][-]{section.2.9}{\376\377\0002\000.\0009\000\040\000S\000c\000e\000n\000e\000\040\000C\000l\000a\000s\000s\000\040\000R\000e\000f\000e\000r\000e\000n\000c\000e}{chapter.2}% 36
\BOOKMARK [2][-]{subsection.2.9.1}{\376\377\0002\000.\0009\000.\0001\000\040\000C\000o\000n\000s\000t\000r\000u\000c\000t\000o\000r\000\040\000\046\000\040\000D\000e\000s\000t\000r\000u\000c\000t\000o\000r\000\040\000D\000o\000c\000u\000m\000e\000n\000t\000a\000t\000i\000o\000n}{section.2.9}% 37
\BOOKMARK [3][-]{subsubsection.2.9.1.1}{\376\377\0002\000.\0009\000.\0001\000.\0001\000\040\000S\000c\000e\000n\000e}{subsection.2.9.1}% 38
\BOOKMARK [3][-]{subsubsection.2.9.1.2}{\376\377\0002\000.\0009\000.\0001\000.\0002\000\040\000S\000c\000e\000n\000e}{subsection.2.9.1}% 39
\BOOKMARK [1][-]{section.2.10}{\376\377\0002\000.\0001\0000\000\040\000S\000h\000a\000d\000e\000r\000D\000a\000t\000a\000\040\000C\000l\000a\000s\000s\000\040\000R\000e\000f\000e\000r\000e\000n\000c\000e}{chapter.2}% 40
\BOOKMARK [1][-]{section.2.11}{\376\377\0002\000.\0001\0001\000\040\000S\000h\000a\000d\000e\000r\000I\000n\000t\000e\000r\000f\000a\000c\000e\000\040\000C\000l\000a\000s\000s\000\040\000R\000e\000f\000e\000r\000e\000n\000c\000e}{chapter.2}% 41
\BOOKMARK [2][-]{subsection.2.11.1}{\376\377\0002\000.\0001\0001\000.\0001\000\040\000C\000o\000n\000s\000t\000r\000u\000c\000t\000o\000r\000\040\000\046\000\040\000D\000e\000s\000t\000r\000u\000c\000t\000o\000r\000\040\000D\000o\000c\000u\000m\000e\000n\000t\000a\000t\000i\000o\000n}{section.2.11}% 42
\BOOKMARK [3][-]{subsubsection.2.11.1.1}{\376\377\0002\000.\0001\0001\000.\0001\000.\0001\000\040\000S\000h\000a\000d\000e\000r\000I\000n\000t\000e\000r\000f\000a\000c\000e}{subsection.2.11.1}% 43
\BOOKMARK [3][-]{subsubsection.2.11.1.2}{\376\377\0002\000.\0001\0001\000.\0001\000.\0002\000\040\000S\000h\000a\000d\000e\000r\000I\000n\000t\000e\000r\000f\000a\000c\000e}{subsection.2.11.1}% 44
\BOOKMARK [1][-]{section.2.12}{\376\377\0002\000.\0001\0002\000\040\000S\000h\000a\000d\000e\000r\000L\000o\000a\000d\000e\000r\000\040\000C\000l\000a\000s\000s\000\040\000R\000e\000f\000e\000r\000e\000n\000c\000e}{chapter.2}% 45
\BOOKMARK [2][-]{subsection.2.12.1}{\376\377\0002\000.\0001\0002\000.\0001\000\040\000C\000o\000n\000s\000t\000r\000u\000c\000t\000o\000r\000\040\000\046\000\040\000D\000e\000s\000t\000r\000u\000c\000t\000o\000r\000\040\000D\000o\000c\000u\000m\000e\000n\000t\000a\000t\000i\000o\000n}{section.2.12}% 46
\BOOKMARK [3][-]{subsubsection.2.12.1.1}{\376\377\0002\000.\0001\0002\000.\0001\000.\0001\000\040\000S\000h\000a\000d\000e\000r\000L\000o\000a\000d\000e\000r}{subsection.2.12.1}% 47
\BOOKMARK [3][-]{subsubsection.2.12.1.2}{\376\377\0002\000.\0001\0002\000.\0001\000.\0002\000\040\000S\000h\000a\000d\000e\000r\000L\000o\000a\000d\000e\000r}{subsection.2.12.1}% 48
\BOOKMARK [2][-]{subsection.2.12.2}{\376\377\0002\000.\0001\0002\000.\0002\000\040\000M\000e\000m\000b\000e\000r\000\040\000F\000u\000n\000c\000t\000i\000o\000n\000\040\000D\000o\000c\000u\000m\000e\000n\000t\000a\000t\000i\000o\000n}{section.2.12}% 49
\BOOKMARK [3][-]{subsubsection.2.12.2.1}{\376\377\0002\000.\0001\0002\000.\0002\000.\0001\000\040\000g\000e\000t\000P\000r\000o\000g\000r\000a\000m\000H\000a\000n\000d\000l\000e}{subsection.2.12.2}% 50
\BOOKMARK [1][-]{section.2.13}{\376\377\0002\000.\0001\0003\000\040\000V\000e\000c\000t\000o\000r\0002\000\040\000S\000t\000r\000u\000c\000t\000\040\000R\000e\000f\000e\000r\000e\000n\000c\000e}{chapter.2}% 51
\BOOKMARK [1][-]{section.2.14}{\376\377\0002\000.\0001\0004\000\040\000V\000e\000c\000t\000o\000r\0003\000\040\000S\000t\000r\000u\000c\000t\000\040\000R\000e\000f\000e\000r\000e\000n\000c\000e}{chapter.2}% 52
\BOOKMARK [1][-]{section.2.15}{\376\377\0002\000.\0001\0005\000\040\000V\000e\000c\000t\000o\000r\0004\000\040\000S\000t\000r\000u\000c\000t\000\040\000R\000e\000f\000e\000r\000e\000n\000c\000e}{chapter.2}% 53
\BOOKMARK [1][-]{section.2.16}{\376\377\0002\000.\0001\0006\000\040\000V\000e\000r\000t\000e\000x\000B\000u\000f\000f\000e\000r\000\040\000C\000l\000a\000s\000s\000\040\000R\000e\000f\000e\000r\000e\000n\000c\000e}{chapter.2}% 54
\BOOKMARK [2][-]{subsection.2.16.1}{\376\377\0002\000.\0001\0006\000.\0001\000\040\000C\000o\000n\000s\000t\000r\000u\000c\000t\000o\000r\000\040\000\046\000\040\000D\000e\000s\000t\000r\000u\000c\000t\000o\000r\000\040\000D\000o\000c\000u\000m\000e\000n\000t\000a\000t\000i\000o\000n}{section.2.16}% 55
\BOOKMARK [3][-]{subsubsection.2.16.1.1}{\376\377\0002\000.\0001\0006\000.\0001\000.\0001\000\040\000V\000e\000r\000t\000e\000x\000B\000u\000f\000f\000e\000r}{subsection.2.16.1}% 56
\BOOKMARK [2][-]{subsection.2.16.2}{\376\377\0002\000.\0001\0006\000.\0002\000\040\000M\000e\000m\000b\000e\000r\000\040\000F\000u\000n\000c\000t\000i\000o\000n\000\040\000D\000o\000c\000u\000m\000e\000n\000t\000a\000t\000i\000o\000n}{section.2.16}% 57
\BOOKMARK [3][-]{subsubsection.2.16.2.1}{\376\377\0002\000.\0001\0006\000.\0002\000.\0001\000\040\000c\000o\000n\000f\000i\000g\000u\000r\000e\000V\000e\000r\000t\000e\000x\000A\000t\000t\000r\000i\000b\000u\000t\000e\000s}{subsection.2.16.2}% 58
\BOOKMARK [3][-]{subsubsection.2.16.2.2}{\376\377\0002\000.\0001\0006\000.\0002\000.\0002\000\040\000r\000e\000n\000d\000e\000r\000V\000e\000r\000t\000e\000x\000B\000u\000f\000f\000e\000r}{subsection.2.16.2}% 59
\BOOKMARK [1][-]{section.2.17}{\376\377\0002\000.\0001\0007\000\040\000V\000e\000r\000t\000e\000x\000D\000a\000t\000a\000P\000\040\000S\000t\000r\000u\000c\000t\000\040\000R\000e\000f\000e\000r\000e\000n\000c\000e}{chapter.2}% 60
\BOOKMARK [1][-]{section.2.18}{\376\377\0002\000.\0001\0008\000\040\000V\000e\000r\000t\000e\000x\000D\000a\000t\000a\000P\000N\000\040\000S\000t\000r\000u\000c\000t\000\040\000R\000e\000f\000e\000r\000e\000n\000c\000e}{chapter.2}% 61
